Figure out why this error is being thrown while running the unittests:

    ===============================================================================
    [ERROR]
    Traceback (most recent call last):
    Failure: twisted.trial.util.DirtyReactorAggregateError: Reactor was unclean.
    Selectables:
    <txscapy.Scapy object at 0x108fe7790>

    test_txscapy.TXScapyTest.test_txsr
    -------------------------------------------------------------------------------
    Ran 1 tests in 0.121s

    FAILED (errors=1, successes=1)
